2026-03-17 15:44:30.240  INFO 20600 --- [demo] [main] com.example.demo.DemoApplication         : Starting DemoApplication using Java 17.0.12 with PID 20600 (C:\Users\juanj\compunet2\Pre Parcial Clase 1 Semana 7\pre-parcial-jpa-Juanjvr123\target\classes started by juanj in C:\Users\juanj\compunet2\Pre Parcial Clase 1 Semana 7\pre-parcial-jpa-Juanjvr123)
2026-03-17 15:44:30.240  INFO 20600 --- [demo] [main] com.example.demo.DemoApplication         : No active profile set, falling back to 1 default profile: "default"
2026-03-17 15:44:30.611  INFO 20600 --- [demo] [main] .s.d.r.c.RepositoryConfigurationDelegate : Bootstrapping Spring Data JPA repositories in DEFAULT mode.
2026-03-17 15:44:30.639  INFO 20600 --- [demo] [main] .s.d.r.c.RepositoryConfigurationDelegate : Finished Spring Data repository scanning in 32 ms. Found 4 JPA repository interfaces.
2026-03-17 15:44:30.936  INFO 20600 --- [demo] [main] o.s.boot.tomcat.TomcatWebServer          : Tomcat initialized with port 8085 (http)
2026-03-17 15:44:30.952  INFO 20600 --- [demo] [main] o.apache.catalina.core.StandardService   : Starting service [Tomcat]
2026-03-17 15:44:30.953  INFO 20600 --- [demo] [main] o.apache.catalina.core.StandardEngine    : Starting Servlet engine: [Apache Tomcat/11.0.18]
2026-03-17 15:44:31.108  INFO 20600 --- [demo] [main] b.w.c.s.WebApplicationContextInitializer : Root WebApplicationContext: initialization completed in 832 ms
2026-03-17 15:44:31.220  INFO 20600 --- [demo] [main] org.hibernate.orm.jpa                    : HHH008540: Processing PersistenceUnitInfo [name: default]
2026-03-17 15:44:31.271  INFO 20600 --- [demo] [main] org.hibernate.orm.core                   : HHH000001: Hibernate ORM core version 7.2.4.Final
2026-03-17 15:44:31.601  INFO 20600 --- [demo] [main] o.s.o.j.p.SpringPersistenceUnitInfo      : No LoadTimeWeaver setup: ignoring JPA class transformer
2026-03-17 15:44:31.624  INFO 20600 --- [demo] [main] com.zaxxer.hikari.HikariDataSource       : HikariPool-1 - Starting...
2026-03-17 15:44:31.764  INFO 20600 --- [demo] [main] com.zaxxer.hikari.pool.HikariPool        : HikariPool-1 - Added connection conn0: url=jdbc:h2:mem:db-pre-parcial user=POSTGRES
2026-03-17 15:44:31.766  INFO 20600 --- [demo] [main] com.zaxxer.hikari.HikariDataSource       : HikariPool-1 - Start completed.
2026-03-17 15:44:31.809  INFO 20600 --- [demo] [main] org.hibernate.orm.connections.pooling    : HHH10001005: Database info:
	Database JDBC URL [jdbc:h2:mem:db-pre-parcial]
	Database driver: H2 JDBC Driver
	Database dialect: H2Dialect
	Database version: 2.4.240
	Default catalog/schema: DB-PRE-PARCIAL/PUBLIC
	Autocommit mode: undefined/unknown
	Isolation level: READ_COMMITTED [default READ_COMMITTED]
	JDBC fetch size: 100
	Pool: DataSourceConnectionProvider
	Minimum pool size: undefined/unknown
	Maximum pool size: undefined/unknown
2026-03-17 15:44:32.445  INFO 20600 --- [demo] [main] org.hibernate.orm.core                   : HHH000489: No JTA platform available (set 'hibernate.transaction.jta.platform' to enable JTA platform integration)
2026-03-17 15:44:32.481  INFO 20600 --- [demo] [main] j.LocalContainerEntityManagerFactoryBean : Initialized JPA EntityManagerFactory for persistence unit 'default'
2026-03-17 15:44:32.522  INFO 20600 --- [demo] [main] o.s.d.j.r.query.QueryEnhancerFactories   : Hibernate is in classpath; If applicable, HQL parser will be used.
2026-03-17 15:44:32.670  WARN 20600 --- [demo] [main] JpaBaseConfiguration$JpaWebConfiguration : spring.jpa.open-in-view is enabled by default. Therefore, database queries may be performed during view rendering. Explicitly configure spring.jpa.open-in-view to disable this warning
2026-03-17 15:44:32.818  INFO 20600 --- [demo] [main] o.s.b.h.a.H2ConsoleAutoConfiguration     : H2 console available at '/h2-console'. Database available at 'jdbc:h2:mem:db-pre-parcial'
2026-03-17 15:44:32.889  INFO 20600 --- [demo] [main] o.s.boot.tomcat.TomcatWebServer          : Tomcat started on port 8085 (http) with context path '/pre-parcial'
2026-03-17 15:44:32.893  INFO 20600 --- [demo] [main] com.example.demo.DemoApplication         : Started DemoApplication in 2.959 seconds (process running for 3.25)
2026-03-17 15:45:00.906  INFO 20600 --- [demo] [http-nio-8085-exec-7] o.a.c.c.C.[.[localhost].[/pre-parcial]   : Initializing Spring DispatcherServlet 'dispatcherServlet'
2026-03-17 15:45:00.907  INFO 20600 --- [demo] [http-nio-8085-exec-7] o.s.web.servlet.DispatcherServlet        : Initializing Servlet 'dispatcherServlet'
2026-03-17 15:45:00.908  INFO 20600 --- [demo] [http-nio-8085-exec-7] o.s.web.servlet.DispatcherServlet        : Completed initialization in 1 ms
2026-03-17 16:02:19.714  INFO 20600 --- [demo] [SpringApplicationShutdownHook] o.s.boot.tomcat.GracefulShutdown         : Commencing graceful shutdown. Waiting for active requests to complete
2026-03-17 16:02:19.848  INFO 20600 --- [demo] [tomcat-shutdown] o.s.boot.tomcat.GracefulShutdown         : Graceful shutdown complete
2026-03-17 16:02:19.850  INFO 20600 --- [demo] [SpringApplicationShutdownHook] j.LocalContainerEntityManagerFactoryBean : Closing JPA EntityManagerFactory for persistence unit 'default'
2026-03-17 16:02:19.853  INFO 20600 --- [demo] [SpringApplicationShutdownHook] com.zaxxer.hikari.HikariDataSource       : HikariPool-1 - Shutdown initiated...
2026-03-17 16:02:19.855  INFO 20600 --- [demo] [SpringApplicationShutdownHook] com.zaxxer.hikari.HikariDataSource       : HikariPool-1 - Shutdown completed.
2026-03-17 16:02:28.469  INFO 25872 --- [demo] [main] com.example.demo.DemoApplication         : Starting DemoApplication using Java 17.0.12 with PID 25872 (C:\Users\juanj\compunet2\Pre Parcial Clase 1 Semana 7\pre-parcial-jpa-Juanjvr123\target\classes started by juanj in C:\Users\juanj\compunet2\Pre Parcial Clase 1 Semana 7\pre-parcial-jpa-Juanjvr123)
2026-03-17 16:02:28.471  INFO 25872 --- [demo] [main] com.example.demo.DemoApplication         : No active profile set, falling back to 1 default profile: "default"
2026-03-17 16:02:28.755  INFO 25872 --- [demo] [main] .s.d.r.c.RepositoryConfigurationDelegate : Bootstrapping Spring Data JPA repositories in DEFAULT mode.
2026-03-17 16:02:28.791  INFO 25872 --- [demo] [main] .s.d.r.c.RepositoryConfigurationDelegate : Finished Spring Data repository scanning in 30 ms. Found 4 JPA repository interfaces.
2026-03-17 16:02:29.041  INFO 25872 --- [demo] [main] o.s.boot.tomcat.TomcatWebServer          : Tomcat initialized with port 8085 (http)
2026-03-17 16:02:29.050  INFO 25872 --- [demo] [main] o.apache.catalina.core.StandardService   : Starting service [Tomcat]
2026-03-17 16:02:29.050  INFO 25872 --- [demo] [main] o.apache.catalina.core.StandardEngine    : Starting Servlet engine: [Apache Tomcat/11.0.18]
2026-03-17 16:02:29.083  INFO 25872 --- [demo] [main] b.w.c.s.WebApplicationContextInitializer : Root WebApplicationContext: initialization completed in 586 ms
2026-03-17 16:02:29.188  INFO 25872 --- [demo] [main] org.hibernate.orm.jpa                    : HHH008540: Processing PersistenceUnitInfo [name: default]
2026-03-17 16:02:29.213  INFO 25872 --- [demo] [main] org.hibernate.orm.core                   : HHH000001: Hibernate ORM core version 7.2.4.Final
2026-03-17 16:02:29.450  INFO 25872 --- [demo] [main] o.s.o.j.p.SpringPersistenceUnitInfo      : No LoadTimeWeaver setup: ignoring JPA class transformer
2026-03-17 16:02:29.472  INFO 25872 --- [demo] [main] com.zaxxer.hikari.HikariDataSource       : HikariPool-1 - Starting...
2026-03-17 16:02:29.571  INFO 25872 --- [demo] [main] com.zaxxer.hikari.pool.HikariPool        : HikariPool-1 - Added connection conn0: url=jdbc:h2:mem:db-pre-parcial user=POSTGRES
2026-03-17 16:02:29.572  INFO 25872 --- [demo] [main] com.zaxxer.hikari.HikariDataSource       : HikariPool-1 - Start completed.
2026-03-17 16:02:29.605  INFO 25872 --- [demo] [main] org.hibernate.orm.connections.pooling    : HHH10001005: Database info:
	Database JDBC URL [jdbc:h2:mem:db-pre-parcial]
	Database driver: H2 JDBC Driver
	Database dialect: H2Dialect
	Database version: 2.4.240
	Default catalog/schema: DB-PRE-PARCIAL/PUBLIC
	Autocommit mode: undefined/unknown
	Isolation level: READ_COMMITTED [default READ_COMMITTED]
	JDBC fetch size: 100
	Pool: DataSourceConnectionProvider
	Minimum pool size: undefined/unknown
	Maximum pool size: undefined/unknown
2026-03-17 16:02:30.004 ERROR 25872 --- [demo] [main] j.LocalContainerEntityManagerFactoryBean : Failed to initialize JPA EntityManagerFactory: Unable to build Hibernate SessionFactory  [persistence unit: default] ; nested exception is org.hibernate.InstantiationException: Could not instantiate entity 'com.example.demo.model.Delivery' due to: null
2026-03-17 16:02:30.005  WARN 25872 --- [demo] [main] ConfigServletWebServerApplicationContext : Exception encountered during context initialization - cancelling refresh attempt: org.springframework.beans.factory.BeanCreationException: Error creating bean with name 'entityManagerFactory' defined in class path resource [org/springframework/boot/hibernate/autoconfigure/HibernateJpaConfiguration.class]: Unable to build Hibernate SessionFactory  [persistence unit: default] ; nested exception is org.hibernate.InstantiationException: Could not instantiate entity 'com.example.demo.model.Delivery' due to: null
2026-03-17 16:02:30.005  INFO 25872 --- [demo] [main] com.zaxxer.hikari.HikariDataSource       : HikariPool-1 - Shutdown initiated...
2026-03-17 16:02:30.007  INFO 25872 --- [demo] [main] com.zaxxer.hikari.HikariDataSource       : HikariPool-1 - Shutdown completed.
2026-03-17 16:02:30.008  INFO 25872 --- [demo] [main] o.apache.catalina.core.StandardService   : Stopping service [Tomcat]
2026-03-17 16:02:30.013  INFO 25872 --- [demo] [main] .s.b.a.l.ConditionEvaluationReportLogger : 

Error starting ApplicationContext. To display the condition evaluation report re-run your application with 'debug' enabled.
2026-03-17 16:02:30.021 ERROR 25872 --- [demo] [main] o.s.boot.SpringApplication               : Application run failed

org.springframework.beans.factory.BeanCreationException: Error creating bean with name 'entityManagerFactory' defined in class path resource [org/springframework/boot/hibernate/autoconfigure/HibernateJpaConfiguration.class]: Unable to build Hibernate SessionFactory  [persistence unit: default] ; nested exception is org.hibernate.InstantiationException: Could not instantiate entity 'com.example.demo.model.Delivery' due to: null
	at org.springframework.beans.factory.support.AbstractAutowireCapableBeanFactory.initializeBean(AbstractAutowireCapableBeanFactory.java:1817) ~[spring-beans-7.0.5.jar:7.0.5]
	at org.springframework.beans.factory.support.AbstractAutowireCapableBeanFactory.doCreateBean(AbstractAutowireCapableBeanFactory.java:603) ~[spring-beans-7.0.5.jar:7.0.5]
	at org.springframework.beans.factory.support.AbstractAutowireCapableBeanFactory.createBean(AbstractAutowireCapableBeanFactory.java:525) ~[spring-beans-7.0.5.jar:7.0.5]
	at org.springframework.beans.factory.support.AbstractBeanFactory.lambda$doGetBean$0(AbstractBeanFactory.java:333) ~[spring-beans-7.0.5.jar:7.0.5]
	at org.springframework.beans.factory.support.DefaultSingletonBeanRegistry.getSingleton(DefaultSingletonBeanRegistry.java:371) ~[spring-beans-7.0.5.jar:7.0.5]
	at org.springframework.beans.factory.support.AbstractBeanFactory.doGetBean(AbstractBeanFactory.java:331) ~[spring-beans-7.0.5.jar:7.0.5]
	at org.springframework.beans.factory.support.AbstractBeanFactory.getBean(AbstractBeanFactory.java:201) ~[spring-beans-7.0.5.jar:7.0.5]
	at org.springframework.context.support.AbstractApplicationContext.finishBeanFactoryInitialization(AbstractApplicationContext.java:977) ~[spring-context-7.0.5.jar:7.0.5]
	at org.springframework.context.support.AbstractApplicationContext.refresh(AbstractApplicationContext.java:621) ~[spring-context-7.0.5.jar:7.0.5]
	at org.springframework.boot.web.server.servlet.context.ServletWebServerApplicationContext.refresh(ServletWebServerApplicationContext.java:143) ~[spring-boot-web-server-4.0.3.jar:4.0.3]
	at org.springframework.boot.SpringApplication.refresh(SpringApplication.java:756) ~[spring-boot-4.0.3.jar:4.0.3]
	at org.springframework.boot.SpringApplication.refreshContext(SpringApplication.java:445) ~[spring-boot-4.0.3.jar:4.0.3]
	at org.springframework.boot.SpringApplication.run(SpringApplication.java:321) ~[spring-boot-4.0.3.jar:4.0.3]
	at org.springframework.boot.SpringApplication.run(SpringApplication.java:1365) ~[spring-boot-4.0.3.jar:4.0.3]
	at org.springframework.boot.SpringApplication.run(SpringApplication.java:1354) ~[spring-boot-4.0.3.jar:4.0.3]
	at com.example.demo.DemoApplication.main(DemoApplication.java:10) ~[classes/:na]
Caused by: jakarta.persistence.PersistenceException: Unable to build Hibernate SessionFactory  [persistence unit: default] ; nested exception is org.hibernate.InstantiationException: Could not instantiate entity 'com.example.demo.model.Delivery' due to: null
	at org.springframework.orm.jpa.AbstractEntityManagerFactoryBean.buildNativeEntityManagerFactory(AbstractEntityManagerFactoryBean.java:448) ~[spring-orm-7.0.5.jar:7.0.5]
	at org.springframework.orm.jpa.AbstractEntityManagerFactoryBean.afterPropertiesSet(AbstractEntityManagerFactoryBean.java:411) ~[spring-orm-7.0.5.jar:7.0.5]
	at org.springframework.orm.jpa.LocalContainerEntityManagerFactoryBean.afterPropertiesSet(LocalContainerEntityManagerFactoryBean.java:419) ~[spring-orm-7.0.5.jar:7.0.5]
	at org.springframework.beans.factory.support.AbstractAutowireCapableBeanFactory.invokeInitMethods(AbstractAutowireCapableBeanFactory.java:1864) ~[spring-beans-7.0.5.jar:7.0.5]
	at org.springframework.beans.factory.support.AbstractAutowireCapableBeanFactory.initializeBean(AbstractAutowireCapableBeanFactory.java:1813) ~[spring-beans-7.0.5.jar:7.0.5]
	... 15 common frames omitted
Caused by: org.hibernate.InstantiationException: Could not instantiate entity 'com.example.demo.model.Delivery' due to: null
	at org.hibernate.metamodel.internal.EntityInstantiatorPojoStandard.instantiate(EntityInstantiatorPojoStandard.java:101) ~[hibernate-core-7.2.4.Final.jar:7.2.4.Final]
	at org.hibernate.engine.internal.UnsavedValueFactory.inferUnsavedIdentifierValue(UnsavedValueFactory.java:54) ~[hibernate-core-7.2.4.Final.jar:7.2.4.Final]
	at org.hibernate.engine.internal.UnsavedValueFactory.getUnsavedIdentifierValue(UnsavedValueFactory.java:39) ~[hibernate-core-7.2.4.Final.jar:7.2.4.Final]
	at org.hibernate.metamodel.mapping.internal.BasicEntityIdentifierMappingImpl.<init>(BasicEntityIdentifierMappingImpl.java:148) ~[hibernate-core-7.2.4.Final.jar:7.2.4.Final]
	at org.hibernate.persister.entity.AbstractEntityPersister.generateIdentifierMapping(AbstractEntityPersister.java:5173) ~[hibernate-core-7.2.4.Final.jar:7.2.4.Final]
	at org.hibernate.persister.entity.AbstractEntityPersister.lambda$prepareMappingModel$0(AbstractEntityPersister.java:4821) ~[hibernate-core-7.2.4.Final.jar:7.2.4.Final]
	at org.hibernate.metamodel.mapping.internal.MappingModelCreationProcess.processSubPart(MappingModelCreationProcess.java:170) ~[hibernate-core-7.2.4.Final.jar:7.2.4.Final]
	at org.hibernate.persister.entity.AbstractEntityPersister.prepareMappingModel(AbstractEntityPersister.java:4820) ~[hibernate-core-7.2.4.Final.jar:7.2.4.Final]
	at org.hibernate.persister.entity.AbstractEntityPersister.initializeSpecialAttributeMappings(AbstractEntityPersister.java:4682) ~[hibernate-core-7.2.4.Final.jar:7.2.4.Final]
	at org.hibernate.persister.entity.AbstractEntityPersister.prepareMappings(AbstractEntityPersister.java:4663) ~[hibernate-core-7.2.4.Final.jar:7.2.4.Final]
	at org.hibernate.persister.entity.AbstractEntityPersister.prepareMappingModel(AbstractEntityPersister.java:4631) ~[hibernate-core-7.2.4.Final.jar:7.2.4.Final]
	at org.hibernate.metamodel.mapping.internal.MappingModelCreationProcess.execute(MappingModelCreationProcess.java:88) ~[hibernate-core-7.2.4.Final.jar:7.2.4.Final]
	at org.hibernate.metamodel.mapping.internal.MappingModelCreationProcess.process(MappingModelCreationProcess.java:43) ~[hibernate-core-7.2.4.Final.jar:7.2.4.Final]
	at org.hibernate.metamodel.model.domain.internal.MappingMetamodelImpl.finishInitialization(MappingMetamodelImpl.java:167) ~[hibernate-core-7.2.4.Final.jar:7.2.4.Final]
	at org.hibernate.internal.SessionFactoryImpl.<init>(SessionFactoryImpl.java:283) ~[hibernate-core-7.2.4.Final.jar:7.2.4.Final]
	at org.hibernate.internal.SessionFactoryRegistry.instantiateSessionFactory(SessionFactoryRegistry.java:64) ~[hibernate-core-7.2.4.Final.jar:7.2.4.Final]
	at org.hibernate.boot.internal.SessionFactoryBuilderImpl.build(SessionFactoryBuilderImpl.java:437) ~[hibernate-core-7.2.4.Final.jar:7.2.4.Final]
	at org.hibernate.jpa.boot.internal.EntityManagerFactoryBuilderImpl.build(EntityManagerFactoryBuilderImpl.java:1456) ~[hibernate-core-7.2.4.Final.jar:7.2.4.Final]
	at org.springframework.orm.jpa.vendor.SpringHibernateJpaPersistenceProvider.createContainerEntityManagerFactory(SpringHibernateJpaPersistenceProvider.java:93) ~[spring-orm-7.0.5.jar:7.0.5]
	at org.springframework.orm.jpa.LocalContainerEntityManagerFactoryBean.createNativeEntityManagerFactory(LocalContainerEntityManagerFactoryBean.java:443) ~[spring-orm-7.0.5.jar:7.0.5]
	at org.springframework.orm.jpa.AbstractEntityManagerFactoryBean.buildNativeEntityManagerFactory(AbstractEntityManagerFactoryBean.java:436) ~[spring-orm-7.0.5.jar:7.0.5]
	... 19 common frames omitted
Caused by: java.lang.reflect.InvocationTargetException
	at java.base/jdk.internal.reflect.NativeConstructorAccessorImpl.newInstance0(Native Method) ~[na:na]
	at java.base/jdk.internal.reflect.NativeConstructorAccessorImpl.newInstance(NativeConstructorAccessorImpl.java:77) ~[na:na]
	at java.base/jdk.internal.reflect.DelegatingConstructorAccessorImpl.newInstance(DelegatingConstructorAccessorImpl.java:45) ~[na:na]
	at java.base/java.lang.reflect.Constructor.newInstanceWithCaller(Constructor.java:499) ~[na:na]
	at java.base/java.lang.reflect.Constructor.newInstance(Constructor.java:480) ~[na:na]
	at org.hibernate.metamodel.internal.EntityInstantiatorPojoStandard.instantiate(EntityInstantiatorPojoStandard.java:98) ~[hibernate-core-7.2.4.Final.jar:7.2.4.Final]
	... 39 common frames omitted
Caused by: java.lang.Error: Unresolved compilation problem: 
	LAZY cannot be resolved to a variable

	at com.example.demo.model.Delivery.<init>(Delivery.java:34) ~[classes/:na]
	... 45 common frames omitted

2026-03-17 16:04:50.790  INFO 17644 --- [demo] [main] com.example.demo.DemoApplication         : Starting DemoApplication using Java 17.0.12 with PID 17644 (C:\Users\juanj\compunet2\Pre Parcial Clase 1 Semana 7\pre-parcial-jpa-Juanjvr123\target\classes started by juanj in C:\Users\juanj\compunet2\Pre Parcial Clase 1 Semana 7\pre-parcial-jpa-Juanjvr123)
2026-03-17 16:04:50.790  INFO 17644 --- [demo] [main] com.example.demo.DemoApplication         : No active profile set, falling back to 1 default profile: "default"
2026-03-17 16:04:51.155  INFO 17644 --- [demo] [main] .s.d.r.c.RepositoryConfigurationDelegate : Bootstrapping Spring Data JPA repositories in DEFAULT mode.
2026-03-17 16:04:51.189  INFO 17644 --- [demo] [main] .s.d.r.c.RepositoryConfigurationDelegate : Finished Spring Data repository scanning in 29 ms. Found 4 JPA repository interfaces.
2026-03-17 16:04:51.594  INFO 17644 --- [demo] [main] o.s.boot.tomcat.TomcatWebServer          : Tomcat initialized with port 8085 (http)
2026-03-17 16:04:51.594  INFO 17644 --- [demo] [main] o.apache.catalina.core.StandardService   : Starting service [Tomcat]
2026-03-17 16:04:51.594  INFO 17644 --- [demo] [main] o.apache.catalina.core.StandardEngine    : Starting Servlet engine: [Apache Tomcat/11.0.18]
2026-03-17 16:04:51.639  INFO 17644 --- [demo] [main] b.w.c.s.WebApplicationContextInitializer : Root WebApplicationContext: initialization completed in 816 ms
2026-03-17 16:04:51.740  INFO 17644 --- [demo] [main] org.hibernate.orm.jpa                    : HHH008540: Processing PersistenceUnitInfo [name: default]
2026-03-17 16:04:51.777  INFO 17644 --- [demo] [main] org.hibernate.orm.core                   : HHH000001: Hibernate ORM core version 7.2.4.Final
2026-03-17 16:04:52.054  INFO 17644 --- [demo] [main] o.s.o.j.p.SpringPersistenceUnitInfo      : No LoadTimeWeaver setup: ignoring JPA class transformer
2026-03-17 16:04:52.089  INFO 17644 --- [demo] [main] com.zaxxer.hikari.HikariDataSource       : HikariPool-1 - Starting...
2026-03-17 16:04:52.189  INFO 17644 --- [demo] [main] com.zaxxer.hikari.pool.HikariPool        : HikariPool-1 - Added connection conn0: url=jdbc:h2:mem:db-pre-parcial user=POSTGRES
2026-03-17 16:04:52.189  INFO 17644 --- [demo] [main] com.zaxxer.hikari.HikariDataSource       : HikariPool-1 - Start completed.
2026-03-17 16:04:52.229  INFO 17644 --- [demo] [main] org.hibernate.orm.connections.pooling    : HHH10001005: Database info:
	Database JDBC URL [jdbc:h2:mem:db-pre-parcial]
	Database driver: H2 JDBC Driver
	Database dialect: H2Dialect
	Database version: 2.4.240
	Default catalog/schema: DB-PRE-PARCIAL/PUBLIC
	Autocommit mode: undefined/unknown
	Isolation level: READ_COMMITTED [default READ_COMMITTED]
	JDBC fetch size: 100
	Pool: DataSourceConnectionProvider
	Minimum pool size: undefined/unknown
	Maximum pool size: undefined/unknown
2026-03-17 16:04:52.757  INFO 17644 --- [demo] [main] org.hibernate.orm.core                   : HHH000489: No JTA platform available (set 'hibernate.transaction.jta.platform' to enable JTA platform integration)
2026-03-17 16:04:52.798  INFO 17644 --- [demo] [main] j.LocalContainerEntityManagerFactoryBean : Initialized JPA EntityManagerFactory for persistence unit 'default'
2026-03-17 16:04:52.838  INFO 17644 --- [demo] [main] o.s.d.j.r.query.QueryEnhancerFactories   : Hibernate is in classpath; If applicable, HQL parser will be used.
2026-03-17 16:04:52.971  WARN 17644 --- [demo] [main] JpaBaseConfiguration$JpaWebConfiguration : spring.jpa.open-in-view is enabled by default. Therefore, database queries may be performed during view rendering. Explicitly configure spring.jpa.open-in-view to disable this warning
2026-03-17 16:04:53.111  INFO 17644 --- [demo] [main] o.s.b.h.a.H2ConsoleAutoConfiguration     : H2 console available at '/h2-console'. Database available at 'jdbc:h2:mem:db-pre-parcial'
2026-03-17 16:04:53.162  INFO 17644 --- [demo] [main] o.s.boot.tomcat.TomcatWebServer          : Tomcat started on port 8085 (http) with context path '/pre-parcial'
2026-03-17 16:04:53.166  INFO 17644 --- [demo] [main] com.example.demo.DemoApplication         : Started DemoApplication in 2.634 seconds (process running for 2.835)
2026-03-17 16:05:01.014  INFO 17644 --- [demo] [http-nio-8085-exec-1] o.a.c.c.C.[.[localhost].[/pre-parcial]   : Initializing Spring DispatcherServlet 'dispatcherServlet'
2026-03-17 16:05:01.014  INFO 17644 --- [demo] [http-nio-8085-exec-1] o.s.web.servlet.DispatcherServlet        : Initializing Servlet 'dispatcherServlet'
2026-03-17 16:05:01.014  INFO 17644 --- [demo] [http-nio-8085-exec-1] o.s.web.servlet.DispatcherServlet        : Completed initialization in 0 ms
2026-03-17 16:06:28.519  INFO 17644 --- [demo] [SpringApplicationShutdownHook] o.s.boot.tomcat.GracefulShutdown         : Commencing graceful shutdown. Waiting for active requests to complete
2026-03-17 16:06:28.653  INFO 17644 --- [demo] [tomcat-shutdown] o.s.boot.tomcat.GracefulShutdown         : Graceful shutdown complete
2026-03-17 16:06:28.655  INFO 17644 --- [demo] [SpringApplicationShutdownHook] j.LocalContainerEntityManagerFactoryBean : Closing JPA EntityManagerFactory for persistence unit 'default'
2026-03-17 16:06:28.658  INFO 17644 --- [demo] [SpringApplicationShutdownHook] com.zaxxer.hikari.HikariDataSource       : HikariPool-1 - Shutdown initiated...
2026-03-17 16:06:28.660  INFO 17644 --- [demo] [SpringApplicationShutdownHook] com.zaxxer.hikari.HikariDataSource       : HikariPool-1 - Shutdown completed.
2026-03-17 16:06:34.389  INFO 12116 --- [demo] [main] com.example.demo.DemoApplication         : Starting DemoApplication using Java 17.0.12 with PID 12116 (C:\Users\juanj\compunet2\Pre Parcial Clase 1 Semana 7\pre-parcial-jpa-Juanjvr123\target\classes started by juanj in C:\Users\juanj\compunet2\Pre Parcial Clase 1 Semana 7\pre-parcial-jpa-Juanjvr123)
2026-03-17 16:06:34.391  INFO 12116 --- [demo] [main] com.example.demo.DemoApplication         : No active profile set, falling back to 1 default profile: "default"
2026-03-17 16:06:34.711  INFO 12116 --- [demo] [main] .s.d.r.c.RepositoryConfigurationDelegate : Bootstrapping Spring Data JPA repositories in DEFAULT mode.
2026-03-17 16:06:34.744  INFO 12116 --- [demo] [main] .s.d.r.c.RepositoryConfigurationDelegate : Finished Spring Data repository scanning in 27 ms. Found 4 JPA repository interfaces.
2026-03-17 16:06:35.003  INFO 12116 --- [demo] [main] o.s.boot.tomcat.TomcatWebServer          : Tomcat initialized with port 8085 (http)
2026-03-17 16:06:35.012  INFO 12116 --- [demo] [main] o.apache.catalina.core.StandardService   : Starting service [Tomcat]
2026-03-17 16:06:35.012  INFO 12116 --- [demo] [main] o.apache.catalina.core.StandardEngine    : Starting Servlet engine: [Apache Tomcat/11.0.18]
2026-03-17 16:06:35.047  INFO 12116 --- [demo] [main] b.w.c.s.WebApplicationContextInitializer : Root WebApplicationContext: initialization completed in 630 ms
2026-03-17 16:06:35.185  INFO 12116 --- [demo] [main] org.hibernate.orm.jpa                    : HHH008540: Processing PersistenceUnitInfo [name: default]
2026-03-17 16:06:35.214  INFO 12116 --- [demo] [main] org.hibernate.orm.core                   : HHH000001: Hibernate ORM core version 7.2.4.Final
2026-03-17 16:06:35.448  INFO 12116 --- [demo] [main] o.s.o.j.p.SpringPersistenceUnitInfo      : No LoadTimeWeaver setup: ignoring JPA class transformer
2026-03-17 16:06:35.473  INFO 12116 --- [demo] [main] com.zaxxer.hikari.HikariDataSource       : HikariPool-1 - Starting...
2026-03-17 16:06:35.573  INFO 12116 --- [demo] [main] com.zaxxer.hikari.pool.HikariPool        : HikariPool-1 - Added connection conn0: url=jdbc:h2:mem:db-pre-parcial user=POSTGRES
2026-03-17 16:06:35.574  INFO 12116 --- [demo] [main] com.zaxxer.hikari.HikariDataSource       : HikariPool-1 - Start completed.
2026-03-17 16:06:35.608  INFO 12116 --- [demo] [main] org.hibernate.orm.connections.pooling    : HHH10001005: Database info:
	Database JDBC URL [jdbc:h2:mem:db-pre-parcial]
	Database driver: H2 JDBC Driver
	Database dialect: H2Dialect
	Database version: 2.4.240
	Default catalog/schema: DB-PRE-PARCIAL/PUBLIC
	Autocommit mode: undefined/unknown
	Isolation level: READ_COMMITTED [default READ_COMMITTED]
	JDBC fetch size: 100
	Pool: DataSourceConnectionProvider
	Minimum pool size: undefined/unknown
	Maximum pool size: undefined/unknown
2026-03-17 16:06:36.137  INFO 12116 --- [demo] [main] org.hibernate.orm.core                   : HHH000489: No JTA platform available (set 'hibernate.transaction.jta.platform' to enable JTA platform integration)
2026-03-17 16:06:36.176  INFO 12116 --- [demo] [main] j.LocalContainerEntityManagerFactoryBean : Initialized JPA EntityManagerFactory for persistence unit 'default'
2026-03-17 16:06:36.215  INFO 12116 --- [demo] [main] o.s.d.j.r.query.QueryEnhancerFactories   : Hibernate is in classpath; If applicable, HQL parser will be used.
2026-03-17 16:06:36.343  WARN 12116 --- [demo] [main] JpaBaseConfiguration$JpaWebConfiguration : spring.jpa.open-in-view is enabled by default. Therefore, database queries may be performed during view rendering. Explicitly configure spring.jpa.open-in-view to disable this warning
2026-03-17 16:06:36.477  INFO 12116 --- [demo] [main] o.s.b.h.a.H2ConsoleAutoConfiguration     : H2 console available at '/h2-console'. Database available at 'jdbc:h2:mem:db-pre-parcial'
2026-03-17 16:06:36.526  INFO 12116 --- [demo] [main] o.s.boot.tomcat.TomcatWebServer          : Tomcat started on port 8085 (http) with context path '/pre-parcial'
2026-03-17 16:06:36.530  INFO 12116 --- [demo] [main] com.example.demo.DemoApplication         : Started DemoApplication in 2.404 seconds (process running for 2.623)
2026-03-17 16:06:42.089  INFO 12116 --- [demo] [http-nio-8085-exec-1] o.a.c.c.C.[.[localhost].[/pre-parcial]   : Initializing Spring DispatcherServlet 'dispatcherServlet'
2026-03-17 16:06:42.089  INFO 12116 --- [demo] [http-nio-8085-exec-1] o.s.web.servlet.DispatcherServlet        : Initializing Servlet 'dispatcherServlet'
2026-03-17 16:06:42.089  INFO 12116 --- [demo] [http-nio-8085-exec-1] o.s.web.servlet.DispatcherServlet        : Completed initialization in 0 ms
2026-03-17 16:08:08.281  INFO 12116 --- [demo] [SpringApplicationShutdownHook] o.s.boot.tomcat.GracefulShutdown         : Commencing graceful shutdown. Waiting for active requests to complete
2026-03-17 16:08:08.400  INFO 12116 --- [demo] [tomcat-shutdown] o.s.boot.tomcat.GracefulShutdown         : Graceful shutdown complete
2026-03-17 16:08:08.400  INFO 12116 --- [demo] [SpringApplicationShutdownHook] j.LocalContainerEntityManagerFactoryBean : Closing JPA EntityManagerFactory for persistence unit 'default'
2026-03-17 16:08:08.415  INFO 12116 --- [demo] [SpringApplicationShutdownHook] com.zaxxer.hikari.HikariDataSource       : HikariPool-1 - Shutdown initiated...
2026-03-17 16:08:08.417  INFO 12116 --- [demo] [SpringApplicationShutdownHook] com.zaxxer.hikari.HikariDataSource       : HikariPool-1 - Shutdown completed.
2026-03-17 16:08:14.814  INFO 19876 --- [demo] [main] com.example.demo.DemoApplication         : Starting DemoApplication using Java 17.0.12 with PID 19876 (C:\Users\juanj\compunet2\Pre Parcial Clase 1 Semana 7\pre-parcial-jpa-Juanjvr123\target\classes started by juanj in C:\Users\juanj\compunet2\Pre Parcial Clase 1 Semana 7\pre-parcial-jpa-Juanjvr123)
2026-03-17 16:08:14.814  INFO 19876 --- [demo] [main] com.example.demo.DemoApplication         : No active profile set, falling back to 1 default profile: "default"
2026-03-17 16:08:15.153  INFO 19876 --- [demo] [main] .s.d.r.c.RepositoryConfigurationDelegate : Bootstrapping Spring Data JPA repositories in DEFAULT mode.
2026-03-17 16:08:15.190  INFO 19876 --- [demo] [main] .s.d.r.c.RepositoryConfigurationDelegate : Finished Spring Data repository scanning in 32 ms. Found 4 JPA repository interfaces.
2026-03-17 16:08:15.488  INFO 19876 --- [demo] [main] o.s.boot.tomcat.TomcatWebServer          : Tomcat initialized with port 8085 (http)
2026-03-17 16:08:15.488  INFO 19876 --- [demo] [main] o.apache.catalina.core.StandardService   : Starting service [Tomcat]
2026-03-17 16:08:15.488  INFO 19876 --- [demo] [main] o.apache.catalina.core.StandardEngine    : Starting Servlet engine: [Apache Tomcat/11.0.18]
2026-03-17 16:08:15.531  INFO 19876 --- [demo] [main] b.w.c.s.WebApplicationContextInitializer : Root WebApplicationContext: initialization completed in 686 ms
2026-03-17 16:08:15.621  INFO 19876 --- [demo] [main] org.hibernate.orm.jpa                    : HHH008540: Processing PersistenceUnitInfo [name: default]
2026-03-17 16:08:15.643  INFO 19876 --- [demo] [main] org.hibernate.orm.core                   : HHH000001: Hibernate ORM core version 7.2.4.Final
2026-03-17 16:08:15.895  INFO 19876 --- [demo] [main] o.s.o.j.p.SpringPersistenceUnitInfo      : No LoadTimeWeaver setup: ignoring JPA class transformer
2026-03-17 16:08:15.920  INFO 19876 --- [demo] [main] com.zaxxer.hikari.HikariDataSource       : HikariPool-1 - Starting...
2026-03-17 16:08:16.021  INFO 19876 --- [demo] [main] com.zaxxer.hikari.pool.HikariPool        : HikariPool-1 - Added connection conn0: url=jdbc:h2:mem:db-pre-parcial user=POSTGRES
2026-03-17 16:08:16.022  INFO 19876 --- [demo] [main] com.zaxxer.hikari.HikariDataSource       : HikariPool-1 - Start completed.
2026-03-17 16:08:16.056  INFO 19876 --- [demo] [main] org.hibernate.orm.connections.pooling    : HHH10001005: Database info:
	Database JDBC URL [jdbc:h2:mem:db-pre-parcial]
	Database driver: H2 JDBC Driver
	Database dialect: H2Dialect
	Database version: 2.4.240
	Default catalog/schema: DB-PRE-PARCIAL/PUBLIC
	Autocommit mode: undefined/unknown
	Isolation level: READ_COMMITTED [default READ_COMMITTED]
	JDBC fetch size: 100
	Pool: DataSourceConnectionProvider
	Minimum pool size: undefined/unknown
	Maximum pool size: undefined/unknown
2026-03-17 16:08:16.574  INFO 19876 --- [demo] [main] org.hibernate.orm.core                   : HHH000489: No JTA platform available (set 'hibernate.transaction.jta.platform' to enable JTA platform integration)
2026-03-17 16:08:16.618  INFO 19876 --- [demo] [main] j.LocalContainerEntityManagerFactoryBean : Initialized JPA EntityManagerFactory for persistence unit 'default'
2026-03-17 16:08:16.655  INFO 19876 --- [demo] [main] o.s.d.j.r.query.QueryEnhancerFactories   : Hibernate is in classpath; If applicable, HQL parser will be used.
2026-03-17 16:08:16.802  WARN 19876 --- [demo] [main] JpaBaseConfiguration$JpaWebConfiguration : spring.jpa.open-in-view is enabled by default. Therefore, database queries may be performed during view rendering. Explicitly configure spring.jpa.open-in-view to disable this warning
2026-03-17 16:08:16.920  INFO 19876 --- [demo] [main] o.s.b.h.a.H2ConsoleAutoConfiguration     : H2 console available at '/h2-console'. Database available at 'jdbc:h2:mem:db-pre-parcial'
2026-03-17 16:08:16.982  INFO 19876 --- [demo] [main] o.s.boot.tomcat.TomcatWebServer          : Tomcat started on port 8085 (http) with context path '/pre-parcial'
2026-03-17 16:08:16.986  INFO 19876 --- [demo] [main] com.example.demo.DemoApplication         : Started DemoApplication in 2.431 seconds (process running for 2.656)
2026-03-17 16:08:21.421  INFO 19876 --- [demo] [http-nio-8085-exec-1] o.a.c.c.C.[.[localhost].[/pre-parcial]   : Initializing Spring DispatcherServlet 'dispatcherServlet'
2026-03-17 16:08:21.421  INFO 19876 --- [demo] [http-nio-8085-exec-1] o.s.web.servlet.DispatcherServlet        : Initializing Servlet 'dispatcherServlet'
2026-03-17 16:08:21.422  INFO 19876 --- [demo] [http-nio-8085-exec-1] o.s.web.servlet.DispatcherServlet        : Completed initialization in 1 ms
2026-03-17 16:12:39.100  INFO 19876 --- [demo] [SpringApplicationShutdownHook] o.s.boot.tomcat.GracefulShutdown         : Commencing graceful shutdown. Waiting for active requests to complete
2026-03-17 16:12:39.229  INFO 19876 --- [demo] [tomcat-shutdown] o.s.boot.tomcat.GracefulShutdown         : Graceful shutdown complete
2026-03-17 16:12:39.229  INFO 19876 --- [demo] [SpringApplicationShutdownHook] j.LocalContainerEntityManagerFactoryBean : Closing JPA EntityManagerFactory for persistence unit 'default'
2026-03-17 16:12:39.229  INFO 19876 --- [demo] [SpringApplicationShutdownHook] com.zaxxer.hikari.HikariDataSource       : HikariPool-1 - Shutdown initiated...
2026-03-17 16:12:39.240  INFO 19876 --- [demo] [SpringApplicationShutdownHook] com.zaxxer.hikari.HikariDataSource       : HikariPool-1 - Shutdown completed.
2026-03-17 16:12:44.758  INFO 10076 --- [demo] [main] com.example.demo.DemoApplication         : Starting DemoApplication using Java 17.0.12 with PID 10076 (C:\Users\juanj\compunet2\Pre Parcial Clase 1 Semana 7\pre-parcial-jpa-Juanjvr123\target\classes started by juanj in C:\Users\juanj\compunet2\Pre Parcial Clase 1 Semana 7\pre-parcial-jpa-Juanjvr123)
2026-03-17 16:12:44.764  INFO 10076 --- [demo] [main] com.example.demo.DemoApplication         : No active profile set, falling back to 1 default profile: "default"
2026-03-17 16:12:45.036  INFO 10076 --- [demo] [main] .s.d.r.c.RepositoryConfigurationDelegate : Bootstrapping Spring Data JPA repositories in DEFAULT mode.
2026-03-17 16:12:45.077  INFO 10076 --- [demo] [main] .s.d.r.c.RepositoryConfigurationDelegate : Finished Spring Data repository scanning in 26 ms. Found 4 JPA repository interfaces.
2026-03-17 16:12:45.332  INFO 10076 --- [demo] [main] o.s.boot.tomcat.TomcatWebServer          : Tomcat initialized with port 8085 (http)
2026-03-17 16:12:45.337  INFO 10076 --- [demo] [main] o.apache.catalina.core.StandardService   : Starting service [Tomcat]
2026-03-17 16:12:45.337  INFO 10076 --- [demo] [main] o.apache.catalina.core.StandardEngine    : Starting Servlet engine: [Apache Tomcat/11.0.18]
2026-03-17 16:12:45.373  INFO 10076 --- [demo] [main] b.w.c.s.WebApplicationContextInitializer : Root WebApplicationContext: initialization completed in 586 ms
2026-03-17 16:12:45.472  INFO 10076 --- [demo] [main] org.hibernate.orm.jpa                    : HHH008540: Processing PersistenceUnitInfo [name: default]
2026-03-17 16:12:45.493  INFO 10076 --- [demo] [main] org.hibernate.orm.core                   : HHH000001: Hibernate ORM core version 7.2.4.Final
2026-03-17 16:12:45.756  INFO 10076 --- [demo] [main] o.s.o.j.p.SpringPersistenceUnitInfo      : No LoadTimeWeaver setup: ignoring JPA class transformer
2026-03-17 16:12:45.822  INFO 10076 --- [demo] [main] com.zaxxer.hikari.HikariDataSource       : HikariPool-1 - Starting...
2026-03-17 16:12:45.914  INFO 10076 --- [demo] [main] com.zaxxer.hikari.pool.HikariPool        : HikariPool-1 - Added connection conn0: url=jdbc:h2:mem:db-pre-parcial user=POSTGRES
2026-03-17 16:12:45.914  INFO 10076 --- [demo] [main] com.zaxxer.hikari.HikariDataSource       : HikariPool-1 - Start completed.
2026-03-17 16:12:45.948  INFO 10076 --- [demo] [main] org.hibernate.orm.connections.pooling    : HHH10001005: Database info:
	Database JDBC URL [jdbc:h2:mem:db-pre-parcial]
	Database driver: H2 JDBC Driver
	Database dialect: H2Dialect
	Database version: 2.4.240
	Default catalog/schema: DB-PRE-PARCIAL/PUBLIC
	Autocommit mode: undefined/unknown
	Isolation level: READ_COMMITTED [default READ_COMMITTED]
	JDBC fetch size: 100
	Pool: DataSourceConnectionProvider
	Minimum pool size: undefined/unknown
	Maximum pool size: undefined/unknown
2026-03-17 16:12:46.442  INFO 10076 --- [demo] [main] org.hibernate.orm.core                   : HHH000489: No JTA platform available (set 'hibernate.transaction.jta.platform' to enable JTA platform integration)
2026-03-17 16:12:46.472  INFO 10076 --- [demo] [main] j.LocalContainerEntityManagerFactoryBean : Initialized JPA EntityManagerFactory for persistence unit 'default'
2026-03-17 16:12:46.517  INFO 10076 --- [demo] [main] o.s.d.j.r.query.QueryEnhancerFactories   : Hibernate is in classpath; If applicable, HQL parser will be used.
2026-03-17 16:12:46.646  WARN 10076 --- [demo] [main] JpaBaseConfiguration$JpaWebConfiguration : spring.jpa.open-in-view is enabled by default. Therefore, database queries may be performed during view rendering. Explicitly configure spring.jpa.open-in-view to disable this warning
2026-03-17 16:12:46.787  INFO 10076 --- [demo] [main] o.s.b.h.a.H2ConsoleAutoConfiguration     : H2 console available at '/h2-console'. Database available at 'jdbc:h2:mem:db-pre-parcial'
2026-03-17 16:12:46.830  INFO 10076 --- [demo] [main] o.s.boot.tomcat.TomcatWebServer          : Tomcat started on port 8085 (http) with context path '/pre-parcial'
2026-03-17 16:12:46.830  INFO 10076 --- [demo] [main] com.example.demo.DemoApplication         : Started DemoApplication in 2.323 seconds (process running for 2.54)
2026-03-17 16:12:51.331  INFO 10076 --- [demo] [http-nio-8085-exec-1] o.a.c.c.C.[.[localhost].[/pre-parcial]   : Initializing Spring DispatcherServlet 'dispatcherServlet'
2026-03-17 16:12:51.331  INFO 10076 --- [demo] [http-nio-8085-exec-1] o.s.web.servlet.DispatcherServlet        : Initializing Servlet 'dispatcherServlet'
2026-03-17 16:12:51.333  INFO 10076 --- [demo] [http-nio-8085-exec-1] o.s.web.servlet.DispatcherServlet        : Completed initialization in 1 ms
2026-03-17 16:19:47.127  INFO 10076 --- [demo] [SpringApplicationShutdownHook] o.s.boot.tomcat.GracefulShutdown         : Commencing graceful shutdown. Waiting for active requests to complete
2026-03-17 16:19:47.275  INFO 10076 --- [demo] [tomcat-shutdown] o.s.boot.tomcat.GracefulShutdown         : Graceful shutdown complete
2026-03-17 16:19:47.277  INFO 10076 --- [demo] [SpringApplicationShutdownHook] j.LocalContainerEntityManagerFactoryBean : Closing JPA EntityManagerFactory for persistence unit 'default'
2026-03-17 16:19:47.280  INFO 10076 --- [demo] [SpringApplicationShutdownHook] com.zaxxer.hikari.HikariDataSource       : HikariPool-1 - Shutdown initiated...
2026-03-17 16:19:47.282  INFO 10076 --- [demo] [SpringApplicationShutdownHook] com.zaxxer.hikari.HikariDataSource       : HikariPool-1 - Shutdown completed.
2026-03-17 16:19:52.634  INFO 9664 --- [demo] [main] com.example.demo.DemoApplication         : Starting DemoApplication using Java 17.0.12 with PID 9664 (C:\Users\juanj\compunet2\Pre Parcial Clase 1 Semana 7\pre-parcial-jpa-Juanjvr123\target\classes started by juanj in C:\Users\juanj\compunet2\Pre Parcial Clase 1 Semana 7\pre-parcial-jpa-Juanjvr123)
2026-03-17 16:19:52.636  INFO 9664 --- [demo] [main] com.example.demo.DemoApplication         : No active profile set, falling back to 1 default profile: "default"
2026-03-17 16:19:52.919  INFO 9664 --- [demo] [main] .s.d.r.c.RepositoryConfigurationDelegate : Bootstrapping Spring Data JPA repositories in DEFAULT mode.
2026-03-17 16:19:52.961  INFO 9664 --- [demo] [main] .s.d.r.c.RepositoryConfigurationDelegate : Finished Spring Data repository scanning in 30 ms. Found 4 JPA repository interfaces.
2026-03-17 16:19:53.206  INFO 9664 --- [demo] [main] o.s.boot.tomcat.TomcatWebServer          : Tomcat initialized with port 8085 (http)
2026-03-17 16:19:53.209  INFO 9664 --- [demo] [main] o.apache.catalina.core.StandardService   : Starting service [Tomcat]
2026-03-17 16:19:53.209  INFO 9664 --- [demo] [main] o.apache.catalina.core.StandardEngine    : Starting Servlet engine: [Apache Tomcat/11.0.18]
2026-03-17 16:19:53.248  INFO 9664 --- [demo] [main] b.w.c.s.WebApplicationContextInitializer : Root WebApplicationContext: initialization completed in 588 ms
2026-03-17 16:19:53.359  INFO 9664 --- [demo] [main] org.hibernate.orm.jpa                    : HHH008540: Processing PersistenceUnitInfo [name: default]
2026-03-17 16:19:53.387  INFO 9664 --- [demo] [main] org.hibernate.orm.core                   : HHH000001: Hibernate ORM core version 7.2.4.Final
2026-03-17 16:19:53.630  INFO 9664 --- [demo] [main] o.s.o.j.p.SpringPersistenceUnitInfo      : No LoadTimeWeaver setup: ignoring JPA class transformer
2026-03-17 16:19:53.658  INFO 9664 --- [demo] [main] com.zaxxer.hikari.HikariDataSource       : HikariPool-1 - Starting...
2026-03-17 16:19:53.764  INFO 9664 --- [demo] [main] com.zaxxer.hikari.pool.HikariPool        : HikariPool-1 - Added connection conn0: url=jdbc:h2:mem:db-pre-parcial user=POSTGRES
2026-03-17 16:19:53.765  INFO 9664 --- [demo] [main] com.zaxxer.hikari.HikariDataSource       : HikariPool-1 - Start completed.
2026-03-17 16:19:53.800  INFO 9664 --- [demo] [main] org.hibernate.orm.connections.pooling    : HHH10001005: Database info:
	Database JDBC URL [jdbc:h2:mem:db-pre-parcial]
	Database driver: H2 JDBC Driver
	Database dialect: H2Dialect
	Database version: 2.4.240
	Default catalog/schema: DB-PRE-PARCIAL/PUBLIC
	Autocommit mode: undefined/unknown
	Isolation level: READ_COMMITTED [default READ_COMMITTED]
	JDBC fetch size: 100
	Pool: DataSourceConnectionProvider
	Minimum pool size: undefined/unknown
	Maximum pool size: undefined/unknown
2026-03-17 16:19:54.353  INFO 9664 --- [demo] [main] org.hibernate.orm.core                   : HHH000489: No JTA platform available (set 'hibernate.transaction.jta.platform' to enable JTA platform integration)
2026-03-17 16:19:54.382  INFO 9664 --- [demo] [main] j.LocalContainerEntityManagerFactoryBean : Initialized JPA EntityManagerFactory for persistence unit 'default'
2026-03-17 16:19:54.434  INFO 9664 --- [demo] [main] o.s.d.j.r.query.QueryEnhancerFactories   : Hibernate is in classpath; If applicable, HQL parser will be used.
2026-03-17 16:19:54.577  WARN 9664 --- [demo] [main] JpaBaseConfiguration$JpaWebConfiguration : spring.jpa.open-in-view is enabled by default. Therefore, database queries may be performed during view rendering. Explicitly configure spring.jpa.open-in-view to disable this warning
2026-03-17 16:19:54.709  INFO 9664 --- [demo] [main] o.s.b.h.a.H2ConsoleAutoConfiguration     : H2 console available at '/h2-console'. Database available at 'jdbc:h2:mem:db-pre-parcial'
2026-03-17 16:19:54.743  INFO 9664 --- [demo] [main] o.s.boot.tomcat.TomcatWebServer          : Tomcat started on port 8085 (http) with context path '/pre-parcial'
2026-03-17 16:19:54.759  INFO 9664 --- [demo] [main] com.example.demo.DemoApplication         : Started DemoApplication in 2.371 seconds (process running for 2.591)
2026-03-17 16:19:59.393  INFO 9664 --- [demo] [http-nio-8085-exec-1] o.a.c.c.C.[.[localhost].[/pre-parcial]   : Initializing Spring DispatcherServlet 'dispatcherServlet'
2026-03-17 16:19:59.393  INFO 9664 --- [demo] [http-nio-8085-exec-1] o.s.web.servlet.DispatcherServlet        : Initializing Servlet 'dispatcherServlet'
2026-03-17 16:19:59.393  INFO 9664 --- [demo] [http-nio-8085-exec-1] o.s.web.servlet.DispatcherServlet        : Completed initialization in 0 ms
2026-03-17 17:25:56.430  WARN 9664 --- [demo] [HikariPool-1:housekeeper] com.zaxxer.hikari.pool.HikariPool        : HikariPool-1 - Thread starvation or clock leap detected (housekeeper delta=56m2s330ms758µs900ns).
